<?xml version="1.0" encoding="utf-8"?><testsuites name="pytest tests"><testsuite name="pytest" errors="0" failures="0" skipped="0" tests="11" time="1.664" timestamp="2025-12-10T11:56:12.730737+00:00" hostname="runnervmoqczp"><testcase classname="src.tests.pytest.test_api" name="test_lambda_returns_expected_message" time="0.267" /><testcase classname="src.tests.pytest.test_api" name="test_invalid_path_returns_404" time="0.073" /><testcase classname="src.tests.pytest.test_api" name="test_lambda_response_time" time="0.080" /><testcase classname="src.tests.pytest.test_api" name="test_lambda_response_time_cold" time="0.080" /><testcase classname="src.tests.pytest.test_api" name="test_lambda_response_time_warm" time="0.184" /><testcase classname="src.tests.pytest.test_api" name="test_lambda_security_headers" time="0.115" /><testcase classname="src.tests.pytest.test_api" name="test_lambda_idempotency" time="0.178" /><testcase classname="src.tests.pytest.test_api" name="test_create_item" time="0.179" /><testcase classname="src.tests.pytest.test_api" name="test_get_item" time="0.181" /><testcase classname="src.tests.pytest.test_api" name="test_update_item" time="0.083" /><testcase classname="src.tests.pytest.test_api" name="test_delete_item" time="0.161" /></testsuite></testsuites>