<?xml version="1.0" encoding="utf-8"?><testsuites name="pytest tests"><testsuite name="pytest" errors="0" failures="0" skipped="0" tests="11" time="2.397" timestamp="2025-12-04T12:06:01.063155+00:00" hostname="runnervmoqczp"><testcase classname="src.tests.pytest.test_api" name="test_lambda_returns_expected_message" time="0.324" /><testcase classname="src.tests.pytest.test_api" name="test_invalid_path_returns_404" time="0.174" /><testcase classname="src.tests.pytest.test_api" name="test_lambda_response_time" time="0.138" /><testcase classname="src.tests.pytest.test_api" name="test_lambda_response_time_cold" time="0.161" /><testcase classname="src.tests.pytest.test_api" name="test_lambda_response_time_warm" time="0.259" /><testcase classname="src.tests.pytest.test_api" name="test_lambda_security_headers" time="0.140" /><testcase classname="src.tests.pytest.test_api" name="test_lambda_idempotency" time="0.265" /><testcase classname="src.tests.pytest.test_api" name="test_create_item" time="0.273" /><testcase classname="src.tests.pytest.test_api" name="test_get_item" time="0.279" /><testcase classname="src.tests.pytest.test_api" name="test_update_item" time="0.144" /><testcase classname="src.tests.pytest.test_api" name="test_delete_item" time="0.155" /></testsuite></testsuites>