<?xml version="1.0" encoding="utf-8"?><testsuites name="pytest tests"><testsuite name="pytest" errors="0" failures="0" skipped="0" tests="18" time="3.763" timestamp="2025-12-04T12:05:56.901592+00:00" hostname="runnervmoqczp"><testcase classname="src.tests.ml.test_ml_inference_lambda" name="test_ml_inference_lambda" time="0.305" /><testcase classname="src.tests.pytest.test_ml_api_functional" name="test_health_endpoint" time="0.171" /><testcase classname="src.tests.pytest.test_ml_api_functional" name="test_predict_valid_payload" time="0.187" /><testcase classname="src.tests.pytest.test_ml_api_functional" name="test_predict_edge_cases[payload0]" time="0.140" /><testcase classname="src.tests.pytest.test_ml_api_functional" name="test_predict_edge_cases[payload1]" time="0.128" /><testcase classname="src.tests.pytest.test_ml_api_functional" name="test_predict_edge_cases[payload2]" time="0.118" /><testcase classname="src.tests.pytest.test_ml_api_functional" name="test_predict_edge_cases[payload3]" time="0.167" /><testcase classname="src.tests.pytest.test_ml_api_functional" name="test_repeated_inferences_consistency" time="0.393" /><testcase classname="src.tests.pytest.test_ml_api_functional" name="test_latency_under_threshold" time="0.130" /><testcase classname="src.tests.pytest.test_ml_api_functional" name="test_missing_content_type" time="0.109" /><testcase classname="src.tests.pytest.test_ml_api_functional" name="test_prediction_output_type_and_bounds" time="0.146" /><testcase classname="src.tests.pytest.test_ml_api_functional" name="test_response_contains_latency_metric" time="0.150" /><testcase classname="src.tests.pytest.test_ml_api_functional" name="test_inference_with_float_values" time="0.131" /><testcase classname="src.tests.pytest.test_ml_api_functional" name="test_batch_like_requests" time="0.670" /><testcase classname="src.tests.pytest.test_ml_api_functional" name="test_concurrent_requests" time="0.240" /><testcase classname="src.tests.pytest.test_ml_api_functional" name="test_invalid_method_handling" time="0.100" /><testcase classname="src.tests.pytest.test_ml_api_functional" name="test_response_is_json" time="0.161" /><testcase classname="src.tests.pytest.test_ml_api_functional" name="test_response_has_expected_keys_subset" time="0.124" /></testsuite></testsuites>