<?xml version="1.0" encoding="utf-8"?><testsuites name="pytest tests"><testsuite name="pytest" errors="0" failures="0" skipped="0" tests="18" time="4.014" timestamp="2025-12-10T15:52:11.313118+00:00" hostname="runnervmoqczp"><testcase classname="src.tests.ml.test_ml_inference_lambda" name="test_ml_inference_lambda" time="0.330" /><testcase classname="src.tests.pytest.test_ml_api_functional" name="test_health_endpoint" time="0.228" /><testcase classname="src.tests.pytest.test_ml_api_functional" name="test_predict_valid_payload" time="0.206" /><testcase classname="src.tests.pytest.test_ml_api_functional" name="test_predict_edge_cases[payload0]" time="0.130" /><testcase classname="src.tests.pytest.test_ml_api_functional" name="test_predict_edge_cases[payload1]" time="0.127" /><testcase classname="src.tests.pytest.test_ml_api_functional" name="test_predict_edge_cases[payload2]" time="0.147" /><testcase classname="src.tests.pytest.test_ml_api_functional" name="test_predict_edge_cases[payload3]" time="0.181" /><testcase classname="src.tests.pytest.test_ml_api_functional" name="test_repeated_inferences_consistency" time="0.412" /><testcase classname="src.tests.pytest.test_ml_api_functional" name="test_latency_under_threshold" time="0.160" /><testcase classname="src.tests.pytest.test_ml_api_functional" name="test_missing_content_type" time="0.116" /><testcase classname="src.tests.pytest.test_ml_api_functional" name="test_prediction_output_type_and_bounds" time="0.144" /><testcase classname="src.tests.pytest.test_ml_api_functional" name="test_response_contains_latency_metric" time="0.188" /><testcase classname="src.tests.pytest.test_ml_api_functional" name="test_inference_with_float_values" time="0.129" /><testcase classname="src.tests.pytest.test_ml_api_functional" name="test_batch_like_requests" time="0.723" /><testcase classname="src.tests.pytest.test_ml_api_functional" name="test_concurrent_requests" time="0.253" /><testcase classname="src.tests.pytest.test_ml_api_functional" name="test_invalid_method_handling" time="0.091" /><testcase classname="src.tests.pytest.test_ml_api_functional" name="test_response_is_json" time="0.131" /><testcase classname="src.tests.pytest.test_ml_api_functional" name="test_response_has_expected_keys_subset" time="0.138" /></testsuite></testsuites>