<?xml version="1.0" encoding="utf-8"?><testsuites name="pytest tests"><testsuite name="pytest" errors="0" failures="0" skipped="0" tests="11" time="3.039" timestamp="2025-09-25T12:19:25.239679+00:00" hostname="runnervm3ublj"><testcase classname="src.tests.pytest.test_api" name="test_lambda_returns_expected_message" time="0.958" /><testcase classname="src.tests.pytest.test_api" name="test_invalid_path_returns_404" time="0.146" /><testcase classname="src.tests.pytest.test_api" name="test_lambda_response_time" time="0.168" /><testcase classname="src.tests.pytest.test_api" name="test_lambda_response_time_cold" time="0.151" /><testcase classname="src.tests.pytest.test_api" name="test_lambda_response_time_warm" time="0.327" /><testcase classname="src.tests.pytest.test_api" name="test_lambda_security_headers" time="0.109" /><testcase classname="src.tests.pytest.test_api" name="test_lambda_idempotency" time="0.286" /><testcase classname="src.tests.pytest.test_api" name="test_create_item" time="0.243" /><testcase classname="src.tests.pytest.test_api" name="test_get_item" time="0.160" /><testcase classname="src.tests.pytest.test_api" name="test_update_item" time="0.124" /><testcase classname="src.tests.pytest.test_api" name="test_delete_item" time="0.275" /></testsuite></testsuites>