<?xml version="1.0" encoding="utf-8"?><testsuites name="pytest tests"><testsuite name="pytest" errors="0" failures="0" skipped="0" tests="11" time="2.775" timestamp="2025-10-11T20:01:38.276786+00:00" hostname="runnervmwhb2z"><testcase classname="src.tests.pytest.test_api" name="test_lambda_returns_expected_message" time="0.965" /><testcase classname="src.tests.pytest.test_api" name="test_invalid_path_returns_404" time="0.101" /><testcase classname="src.tests.pytest.test_api" name="test_lambda_response_time" time="0.139" /><testcase classname="src.tests.pytest.test_api" name="test_lambda_response_time_cold" time="0.119" /><testcase classname="src.tests.pytest.test_api" name="test_lambda_response_time_warm" time="0.269" /><testcase classname="src.tests.pytest.test_api" name="test_lambda_security_headers" time="0.091" /><testcase classname="src.tests.pytest.test_api" name="test_lambda_idempotency" time="0.239" /><testcase classname="src.tests.pytest.test_api" name="test_create_item" time="0.227" /><testcase classname="src.tests.pytest.test_api" name="test_get_item" time="0.293" /><testcase classname="src.tests.pytest.test_api" name="test_update_item" time="0.118" /><testcase classname="src.tests.pytest.test_api" name="test_delete_item" time="0.127" /></testsuite></testsuites>